<?xml version="1.0" encoding="UTF-8"?>
<!-- Generated by org.testng.reporters.JUnitReportReporter -->
<testsuite hostname="Sasikumar" failures="0" tests="1" name="org.sasiguides.RestAssuredAPITesting.Demo" time="5.424" errors="0" timestamp="2023-09-16T03:21:58 IST" skipped="0">
  <testcase classname="org.sasiguides.RestAssuredAPITesting.Demo" name="performPostFunction" time="5.424"/>
</testsuite> <!-- org.sasiguides.RestAssuredAPITesting.Demo -->
