<?xml version="1.0" encoding="UTF-8"?>
<!-- Generated by org.testng.reporters.JUnitReportReporter -->
<testsuite hostname="Sasikumar" failures="0" tests="1" name="org.sasiguides.RestAssuredAPITesting.Demo" time="7.874" errors="0" timestamp="2023-09-16T03:28:45 IST" skipped="0">
  <testcase classname="org.sasiguides.RestAssuredAPITesting.Demo" name="performPostFunction" time="7.874"/>
</testsuite> <!-- org.sasiguides.RestAssuredAPITesting.Demo -->
